<?xml version="1.0" encoding="utf-8" standalone="no"?>
<!--This file represents the results of running a test suite-->
<test-results name="/home/zach/Projects/FunScript/FunJS.Tests/bin/Debug/FunJS.Tests.dll" total="6" errors="0" failures="0" not-run="0" inconclusive="0" ignored="0" skipped="0" invalid="0" date="2012-12-20" time="13:57:28">
  <environment nunit-version="2.6.0.0" clr-version="4.0.30319.1" os-version="Unix 3.5.0.19" platform="Unix" cwd="/home/zach/Projects/FunScript" machine-name="laptop" user="zach" user-domain="laptop" />
  <culture-info current-culture="en-GB" current-uiculture="en-GB" />
  <test-suite type="Assembly" name="/home/zach/Projects/FunScript/FunJS.Tests/bin/Debug/FunJS.Tests.dll" executed="True" result="Success" success="True" time="1.468" asserts="0">
    <results>
      <test-suite type="Namespace" name="FunJS" executed="True" result="Success" success="True" time="1.462" asserts="0">
        <results>
          <test-suite type="Namespace" name="Tests" executed="True" result="Success" success="True" time="1.461" asserts="0">
            <results>
              <test-suite type="TestFixture" name="ControlFlow" executed="True" result="Success" success="True" time="1.460" asserts="0">
                <results>
                  <test-case name="FunJS.Tests.ControlFlow.For i = 0 to N expressions work" executed="True" result="Success" success="True" time="1.014" asserts="1" />
                  <test-case name="FunJS.Tests.ControlFlow.If then else expressions work" executed="True" result="Success" success="True" time="0.159" asserts="1" />
                  <test-case name="FunJS.Tests.ControlFlow.If then else expressions work inline" executed="True" result="Success" success="True" time="0.058" asserts="1" />
                  <test-case name="FunJS.Tests.ControlFlow.Lambdas inside for loops create closures" executed="True" result="Success" success="True" time="0.025" asserts="1" />
                  <test-case name="FunJS.Tests.ControlFlow.Matching when the matched variable name is re-used in the case works" executed="True" result="Success" success="True" time="0.130" asserts="1" />
                  <test-case name="FunJS.Tests.ControlFlow.While expressions work" executed="True" result="Success" success="True" time="0.039" asserts="1" />
                </results>
              </test-suite>
            </results>
          </test-suite>
        </results>
      </test-suite>
    </results>
  </test-suite>
</test-results>